#
# There is insufficient memory for the Java Runtime Environment to continue.
# Native memory allocation (malloc) failed to allocate 85840 bytes for Chunk::new
# Possible reasons:
#   The system is out of physical RAM or swap space
#   In 32 bit mode, the process size limit was hit
# Possible solutions:
#   Reduce memory load on the system
#   Increase physical memory or swap space
#   Check if swap backing store is full
#   Use 64 bit Java on a 64 bit OS
#   Decrease Java heap size (-Xmx/-Xms)
#   Decrease number of Java threads
#   Decrease Java thread stack sizes (-Xss)
#   Set larger code cache with -XX:ReservedCodeCacheSize=
# This output file may be truncated or incomplete.
#
#  Out of Memory Error (allocation.cpp:390), pid=24188, tid=13436
#
# JRE version: Java(TM) SE Runtime Environment (8.0_73-b02) (build 1.8.0_73-b02)
# Java VM: Java HotSpot(TM) 64-Bit Server VM (25.73-b02 mixed mode windows-amd64 compressed oops)
# Failed to write core dump. Minidumps are not enabled by default on client versions of Windows
#

---------------  T H R E A D  ---------------

Current thread (0x000000001d59a000):  JavaThread "C2 CompilerThread0" daemon [_thread_in_native, id=13436, stack(0x000000001ebf0000,0x000000001ecf0000)]

Stack: [0x000000001ebf0000,0x000000001ecf0000]
[error occurred during error reporting (printing stack bounds), id 0xc0000005]

Native frames: (J=compiled Java code, j=interpreted, Vv=VM code, C=native code)


Current CompileTask:
C2:    548  564       4       java.util.HashMap::putVal (300 bytes)


---------------  P R O C E S S  ---------------

Java Threads: ( => current thread )
  0x000000001f417000 JavaThread "AWT-Windows" daemon [_thread_in_native, id=10796, stack(0x000000001ffd0000,0x00000000200d0000)]
  0x000000001f416000 JavaThread "AWT-Shutdown" [_thread_blocked, id=15984, stack(0x000000001fd90000,0x000000001fe90000)]
  0x000000001f463800 JavaThread "Java2D Disposer" daemon [_thread_blocked, id=4928, stack(0x000000001fbe0000,0x000000001fce0000)]
  0x000000001d612800 JavaThread "Service Thread" daemon [_thread_blocked, id=14308, stack(0x000000001f050000,0x000000001f150000)]
  0x000000001d608800 JavaThread "C1 CompilerThread3" daemon [_thread_in_native, id=23956, stack(0x000000001e890000,0x000000001e990000)]
  0x000000001d5ed800 JavaThread "C2 CompilerThread2" daemon [_thread_blocked, id=24340, stack(0x000000001eea0000,0x000000001efa0000)]
  0x000000001d5a7000 JavaThread "C2 CompilerThread1" daemon [_thread_blocked, id=13944, stack(0x000000001ed40000,0x000000001ee40000)]
=>0x000000001d59a000 JavaThread "C2 CompilerThread0" daemon [_thread_in_native, id=13436, stack(0x000000001ebf0000,0x000000001ecf0000)]
  0x000000001d58d000 JavaThread "Attach Listener" daemon [_thread_blocked, id=3180, stack(0x000000001eae0000,0x000000001ebe0000)]
  0x000000001d597000 JavaThread "Signal Dispatcher" daemon [_thread_blocked, id=21568, stack(0x000000001e9b0000,0x000000001eab0000)]
  0x000000001c5db800 JavaThread "Finalizer" daemon [_thread_blocked, id=17064, stack(0x000000001e530000,0x000000001e630000)]
  0x000000001d533800 JavaThread "Reference Handler" daemon [_thread_blocked, id=22660, stack(0x000000001e780000,0x000000001e880000)]

Other Threads:
  0x000000001d530800 VMThread [stack: 0x000000001e670000,0x000000001e770000] [id=23368]
  0x000000001d621000 WatcherThread [stack: 0x000000001f280000,0x000000001f380000] [id=14836]

VM state:not at safepoint (normal execution)

VM Mutex/Monitor currently owned by a thread:  ([mutex/lock_event])
[0x000000000038c3d0] Threads_lock - owner thread: 0x0000000000000000

Heap:
 PSYoungGen      total 76288K, used 17206K [0x000000076b380000, 0x0000000770880000, 0x00000007c0000000)
  eden space 65536K, 26% used [0x000000076b380000,0x000000076c44d920,0x000000076f380000)
  from space 10752K, 0% used [0x000000076fe00000,0x000000076fe00000,0x0000000770880000)
  to   space 10752K, 0% used [0x000000076f380000,0x000000076f380000,0x000000076fe00000)
 ParOldGen       total 175104K, used 0K [0x00000006c1a00000, 0x00000006cc500000, 0x000000076b380000)
  object space 175104K, 0% used [0x00000006c1a00000,0x00000006c1a00000,0x00000006cc500000)
 Metaspace       used 12085K, capacity 12368K, committed 12544K, reserved 1060864K
  class space    used 1395K, capacity 1482K, committed 1536K, reserved 1048576K

Card table byte_map: [0x0000000011c90000,0x0000000012490000] byte_map_base: 0x000000000e683000

Marking Bits: (ParMarkBitMap*) 0x000000006fd90600
 Begin Bits: [0x00000000134c0000, 0x0000000017458000)
 End Bits:   [0x0000000017458000, 0x000000001b3f0000)

Polling page: 0x0000000000320000

CodeCache: size=245760Kb used=2299Kb max_used=2299Kb free=243460Kb
 bounds [0x00000000028d0000, 0x0000000002b40000, 0x00000000118d0000]
 total_blobs=986 nmethods=565 adapters=334
 compilation: enabled

Compilation events (10 events):
Event: 0.543 Thread 0x000000001d608800 nmethod 559 0x0000000002b0d890 code [0x0000000002b0da00, 0x0000000002b0dc58]
Event: 0.543 Thread 0x000000001d608800  560       3       java.lang.CharacterDataLatin1::toUpperCaseEx (71 bytes)
Event: 0.543 Thread 0x000000001d608800 nmethod 560 0x0000000002b0dd10 code [0x0000000002b0de80, 0x0000000002b0e130]
Event: 0.543 Thread 0x000000001d608800  561       3       java.util.LinkedHashMap$LinkedHashIterator::nextNode (54 bytes)
Event: 0.543 Thread 0x000000001d608800 nmethod 561 0x0000000002b0e290 code [0x0000000002b0e420, 0x0000000002b0e738]
Event: 0.543 Thread 0x000000001d608800  562       3       java.util.LinkedHashMap$LinkedEntryIterator::next (5 bytes)
Event: 0.543 Thread 0x000000001d608800 nmethod 562 0x0000000002b0e890 code [0x0000000002b0ea00, 0x0000000002b0ece8]
Event: 0.543 Thread 0x000000001d608800  563       3       java.util.LinkedHashMap$LinkedEntryIterator::next (5 bytes)
Event: 0.543 Thread 0x000000001d59a000  564       4       java.util.HashMap::putVal (300 bytes)
Event: 0.543 Thread 0x000000001d608800 nmethod 563 0x0000000002b0ed90 code [0x0000000002b0ef00, 0x0000000002b0f108]

GC Heap History (0 events):
No events

Deoptimization events (4 events):
Event: 0.358 Thread 0x000000000038f000 Uncommon trap: reason=unstable_if action=reinterpret pc=0x0000000002ab12a4 method=java.io.BufferedReader.read()I @ 19
Event: 0.529 Thread 0x000000000038f000 Uncommon trap: reason=unstable_if action=reinterpret pc=0x0000000002aeb41c method=java.util.Properties$LineReader.readLine()I @ 252
Event: 0.529 Thread 0x000000000038f000 Uncommon trap: reason=unstable_if action=reinterpret pc=0x0000000002ac9164 method=java.util.Properties$LineReader.readLine()I @ 252
Event: 0.530 Thread 0x000000000038f000 Uncommon trap: reason=unstable_if action=reinterpret pc=0x0000000002ac7728 method=java.util.Properties.loadConvert([CII[C)Ljava/lang/String; @ 4

Internal exceptions (10 events):
Event: 0.205 Thread 0x000000000038f000 Exception <a 'java/io/FileNotFoundException'> (0x000000076b862610) thrown at [D:\re\puppet\workspace\8-2-build-windows-amd64-cygwin\jdk8u73\6086\hotspot\src\share\vm\prims\jni.cpp, line 709]
Event: 0.325 Thread 0x000000000038f000 Exception <a 'java/lang/ArrayIndexOutOfBoundsException'> (0x000000076bae7ee0) thrown at [D:\re\puppet\workspace\8-2-build-windows-amd64-cygwin\jdk8u73\6086\hotspot\src\share\vm\runtime\sharedRuntime.cpp, line 605]
Event: 0.325 Thread 0x000000000038f000 Exception <a 'java/lang/ArrayIndexOutOfBoundsException'> (0x000000076bae8c58) thrown at [D:\re\puppet\workspace\8-2-build-windows-amd64-cygwin\jdk8u73\6086\hotspot\src\share\vm\runtime\sharedRuntime.cpp, line 605]
Event: 0.325 Thread 0x000000000038f000 Exception <a 'java/lang/ArrayIndexOutOfBoundsException'> (0x000000076bae9c10) thrown at [D:\re\puppet\workspace\8-2-build-windows-amd64-cygwin\jdk8u73\6086\hotspot\src\share\vm\runtime\sharedRuntime.cpp, line 605]
Event: 0.326 Thread 0x000000000038f000 Exception <a 'java/lang/ArrayIndexOutOfBoundsException'> (0x000000076baeb470) thrown at [D:\re\puppet\workspace\8-2-build-windows-amd64-cygwin\jdk8u73\6086\hotspot\src\share\vm\runtime\sharedRuntime.cpp, line 605]
Event: 0.331 Thread 0x000000000038f000 Exception <a 'java/lang/ArrayIndexOutOfBoundsException'> (0x000000076bb11858) thrown at [D:\re\puppet\workspace\8-2-build-windows-amd64-cygwin\jdk8u73\6086\hotspot\src\share\vm\runtime\sharedRuntime.cpp, line 605]
Event: 0.331 Thread 0x000000000038f000 Exception <a 'java/lang/ArrayIndexOutOfBoundsException'> (0x000000076bb12ac0) thrown at [D:\re\puppet\workspace\8-2-build-windows-amd64-cygwin\jdk8u73\6086\hotspot\src\share\vm\runtime\sharedRuntime.cpp, line 605]
Event: 0.332 Thread 0x000000000038f000 Exception <a 'java/lang/ArrayIndexOutOfBoundsException'> (0x000000076bb143a8) thrown at [D:\re\puppet\workspace\8-2-build-windows-amd64-cygwin\jdk8u73\6086\hotspot\src\share\vm\runtime\sharedRuntime.cpp, line 605]
Event: 0.336 Thread 0x000000000038f000 Exception <a 'java/lang/ArrayIndexOutOfBoundsException'> (0x000000076bb3a580) thrown at [D:\re\puppet\workspace\8-2-build-windows-amd64-cygwin\jdk8u73\6086\hotspot\src\share\vm\runtime\sharedRuntime.cpp, line 605]
Event: 0.343 Thread 0x000000000038f000 Exception <a 'java/lang/ArrayIndexOutOfBoundsException'> (0x000000076bb49fe8) thrown at [D:\re\puppet\workspace\8-2-build-windows-amd64-cygwin\jdk8u73\6086\hotspot\src\share\vm\runtime\sharedRuntime.cpp, line 605]

Events (10 events):
Event: 0.544 loading class sun/security/provider/DigestBase done
Event: 0.544 loading class sun/security/provider/SHA done
Event: 0.544 loading class sun/security/jca/GetInstance$Instance
Event: 0.544 loading class sun/security/jca/GetInstance$Instance done
Event: 0.544 loading class java/security/MessageDigest$Delegate
Event: 0.544 loading class java/security/MessageDigest$Delegate done
Event: 0.544 loading class sun/security/provider/ByteArrayAccess
Event: 0.544 loading class sun/security/provider/ByteArrayAccess done
Event: 0.545 loading class oracle/security/o5logon/a
Event: 0.545 loading class oracle/security/o5logon/a done


Dynamic libraries:
0x000000013f820000 - 0x000000013f857000 	C:\Program Files\Java\jdk1.8.0_73\bin\javaw.exe
0x0000000077140000 - 0x00000000772ea000 	C:\Windows\SYSTEM32\ntdll.dll
0x0000000077020000 - 0x000000007713f000 	C:\Windows\system32\kernel32.dll
0x000007fefd080000 - 0x000007fefd0ea000 	C:\Windows\system32\KERNELBASE.dll
0x000007fefd280000 - 0x000007fefd35b000 	C:\Windows\system32\ADVAPI32.dll
0x000007fefd6f0000 - 0x000007fefd78f000 	C:\Windows\system32\msvcrt.dll
0x000007fefef50000 - 0x000007fefef6f000 	C:\Windows\SYSTEM32\sechost.dll
0x000007fefdee0000 - 0x000007fefe00d000 	C:\Windows\system32\RPCRT4.dll
0x0000000076f20000 - 0x000000007701a000 	C:\Windows\system32\USER32.dll
0x000007fefd970000 - 0x000007fefd9d7000 	C:\Windows\system32\GDI32.dll
0x000007feff250000 - 0x000007feff25e000 	C:\Windows\system32\LPK.dll
0x000007fefef70000 - 0x000007feff03a000 	C:\Windows\system32\USP10.dll
0x000007fefb5d0000 - 0x000007fefb7c4000 	C:\Windows\WinSxS\amd64_microsoft.windows.common-controls_6595b64144ccf1df_6.0.7601.18837_none_fa3b1e3d17594757\COMCTL32.dll
0x000007fefde60000 - 0x000007fefded1000 	C:\Windows\system32\SHLWAPI.dll
0x000007fefd370000 - 0x000007fefd39e000 	C:\Windows\system32\IMM32.DLL
0x000007fefe0b0000 - 0x000007fefe1b9000 	C:\Windows\system32\MSCTF.dll
0x000007fefcdf0000 - 0x000007fefce22000 	C:\Windows\system32\nvinitx.dll
0x000007fefcde0000 - 0x000007fefcdec000 	C:\Windows\system32\VERSION.dll
0x0000000053e50000 - 0x0000000053f22000 	C:\Program Files\Java\jdk1.8.0_73\jre\bin\msvcr100.dll
0x000000006f580000 - 0x000000006fe10000 	C:\Program Files\Java\jdk1.8.0_73\jre\bin\server\jvm.dll
0x000007fef6e40000 - 0x000007fef6e49000 	C:\Windows\system32\WSOCK32.dll
0x000007feff300000 - 0x000007feff34d000 	C:\Windows\system32\WS2_32.dll
0x000007fefd360000 - 0x000007fefd368000 	C:\Windows\system32\NSI.dll
0x000007fefaa00000 - 0x000007fefaa3b000 	C:\Windows\system32\WINMM.dll
0x0000000077300000 - 0x0000000077307000 	C:\Windows\system32\PSAPI.DLL
0x0000000073660000 - 0x000000007366f000 	C:\Program Files\Java\jdk1.8.0_73\jre\bin\verify.dll
0x0000000073630000 - 0x0000000073659000 	C:\Program Files\Java\jdk1.8.0_73\jre\bin\java.dll
0x0000000073610000 - 0x0000000073626000 	C:\Program Files\Java\jdk1.8.0_73\jre\bin\zip.dll
0x000007fefe1c0000 - 0x000007fefef4a000 	C:\Windows\system32\SHELL32.dll
0x000007feff040000 - 0x000007feff243000 	C:\Windows\system32\ole32.dll
0x000007fefcec0000 - 0x000007fefcecf000 	C:\Windows\system32\profapi.dll
0x0000000053f30000 - 0x00000000540c8000 	C:\Program Files\Java\jdk1.8.0_73\jre\bin\awt.dll
0x000007feff370000 - 0x000007feff448000 	C:\Windows\system32\OLEAUT32.dll
0x000007fefaff0000 - 0x000007fefb008000 	C:\Windows\system32\DWMAPI.DLL
0x000007fefb3f0000 - 0x000007fefb446000 	C:\Windows\system32\uxtheme.dll
0x0000000180000000 - 0x0000000180031000 	C:\Windows\system32\ImageSAFERFilter.dll
0x000000006ca50000 - 0x000000006cb23000 	C:\Windows\WinSxS\amd64_microsoft.vc90.crt_1fc8b3b9a1e18e3b_9.0.30729.6161_none_08e61857a83bc251\MSVCP90.dll
0x000000006c9a0000 - 0x000000006ca43000 	C:\Windows\WinSxS\amd64_microsoft.vc90.crt_1fc8b3b9a1e18e3b_9.0.30729.6161_none_08e61857a83bc251\MSVCR90.dll
0x000007fefbf90000 - 0x000007fefbfbd000 	C:\Windows\system32\ntmarta.dll
0x000007fefde00000 - 0x000007fefde52000 	C:\Windows\system32\WLDAP32.dll
0x000007fefa3d0000 - 0x000007fefa3d7000 	C:\Windows\system32\MSIMG32.dll
0x000007fed5f60000 - 0x000007fed5fa9000 	C:\Program Files (x86)\TeamViewer\tv_x64.dll
0x000007fefcd10000 - 0x000007fefcd1f000 	C:\Windows\system32\CRYPTBASE.dll
0x000007fee3140000 - 0x000007fee333f000 	C:\Windows\system32\d3d9.dll
0x000007fee3130000 - 0x000007fee3137000 	C:\Windows\system32\d3d8thk.dll
0x000007fefd230000 - 0x000007fefd26b000 	C:\Windows\system32\WINTRUST.dll
0x000007fefcee0000 - 0x000007fefd04d000 	C:\Windows\system32\CRYPT32.dll
0x000007fefced0000 - 0x000007fefcedf000 	C:\Windows\system32\MSASN1.dll
0x000007febd060000 - 0x000007febe0cd000 	C:\Windows\system32\nvd3dumx.dll
0x0000000073360000 - 0x000000007336d000 	C:\Program Files\Java\jdk1.8.0_73\jre\bin\management.dll
0x00000000735f0000 - 0x000000007360a000 	C:\Program Files\Java\jdk1.8.0_73\jre\bin\net.dll
0x000007fefc650000 - 0x000007fefc6a5000 	C:\Windows\system32\mswsock.dll
0x000007fefc640000 - 0x000007fefc647000 	C:\Windows\System32\wship6.dll
0x00000000735d0000 - 0x00000000735e1000 	C:\Program Files\Java\jdk1.8.0_73\jre\bin\nio.dll
0x000007fefa680000 - 0x000007fefa695000 	C:\Windows\system32\NLAapi.dll
0x000007fef2df0000 - 0x000007fef2e05000 	C:\Windows\system32\napinsp.dll
0x000007fef2dd0000 - 0x000007fef2de9000 	C:\Windows\system32\pnrpnsp.dll
0x000007fefc4d0000 - 0x000007fefc52b000 	C:\Windows\system32\DNSAPI.dll
0x000007fef31b0000 - 0x000007fef31bb000 	C:\Windows\System32\winrnr.dll
0x000000006d350000 - 0x000000006d376000 	C:\Program Files\Bonjour\mdnsNSP.dll
0x000007fefa2f0000 - 0x000007fefa317000 	C:\Windows\system32\Iphlpapi.DLL
0x000007fefa2e0000 - 0x000007fefa2eb000 	C:\Windows\system32\WINNSI.DLL
0x000007fef5390000 - 0x000007fef53bf000 	C:\Program Files\Common Files\Microsoft Shared\Windows Live\WLIDNSP.DLL
0x000007fef2dc0000 - 0x000007fef2dd0000 	C:\Windows\system32\wshbth.dll
0x000007fefbfc0000 - 0x000007fefbfc7000 	C:\Windows\System32\wshtcpip.dll
0x000007fef51a0000 - 0x000007fef51a8000 	C:\Windows\system32\rasadhlp.dll
0x000007fef9870000 - 0x000007fef98c3000 	C:\Windows\System32\fwpuclnt.dll

VM Arguments:
jvm_args: -Dfile.encoding=UTF-8 
java_command: main.MileStone
java_class_path (initial): D:\Dropbox\Java_Workplace\160424_MiniPJT\bin
Launcher Type: SUN_STANDARD

Environment Variables:
JAVA_HOME=C:\Program Files\Java\jdk1.8.0_73
PATH=C:/Program Files/Java/jdk1.8.0_73/bin/../jre/bin/server;C:/Program Files/Java/jdk1.8.0_73/bin/../jre/bin;C:/Program Files/Java/jdk1.8.0_73/bin/../jre/lib/amd64;D:\Oracle11\product\11.2.0\dbhome_1\bin;C:\Program Files\Java\jdk1.8.0_73\bin;C:\ProgramData\Oracle\Java\javapath;C:\Program Files\Common Files\Microsoft Shared\Windows Live;C:\Program Files (x86)\Common Files\Microsoft Shared\Windows Live;C:\Windows\system32;C:\Windows;C:\Windows\System32\Wbem;C:\Windows\System32\WindowsPowerShell\v1.0\;C:\Program Files (x86)\Windows Live\Shared;C:\Program Files (x86)\QuickTime\QTSystem\;C:\Program Files\Intel\WiFi\bin\;C:\Program Files\Common Files\Intel\WirelessCommon\;C:\Program Files\Bandizip\7z;C:\Program Files\Intel\WiFi\bin\;C:\Program Files\Common Files\Intel\WirelessCommon\;D:\Java_Tools\[IDE]eclipse-jee-mars-2-x64;
USERNAME=TaeJoon
OS=Windows_NT
PROCESSOR_IDENTIFIER=Intel64 Family 6 Model 58 Stepping 9, GenuineIntel



---------------  S Y S T E M  ---------------

OS: Windows 7 , 64 bit Build 7601 (6.1.7601.23392)

CPU:total 8 (4 cores per cpu, 2 threads per core) family 6 model 58 stepping 9, cmov, cx8, fxsr, mmx, sse, sse2, sse3, ssse3, sse4.1, sse4.2, popcnt, avx, aes, clmul, erms, ht, tsc, tscinvbit, tscinv

Memory: 4k page, physical 16670296k(5174436k free), swap 16668440k(4352k free)

vm_info: Java HotSpot(TM) 64-Bit Server VM (25.73-b02) for windows-amd64 JRE (1.8.0_73-b02), built on Jan 29 2016 17:38:49 by "java_re" with MS VC++ 10.0 (VS2010)

time: Thu Apr 28 16:35:18 2016
elapsed time: 0 seconds (0d 0h 0m 0s)

